Unable to capture context for thread 12032 in process 15416, can not generate back trace
Unable to capture context for thread 12032 in process 15416, can not generate back trace
Exception at PC 0x00007FF94004BB93
Printing stacktrace...

Exception at PC 0x00007FF9E5FC06BC
Exception at PC 0x00007FF9E5FC06BC
Exception at PC 0x00007FF9E5FC06BC
Exception at PC 0x00007FF9E5FC06BC
Exception at PC 0x00007FF9E5FC06BC
Exception at PC 0x00007FF9E5FC06BC
Exception at PC 0x00007FF9E5FC06BC
Exception at PC 0x00007FF9E5FC06BC
Exception at PC 0x00007FF9E5FC06BC
Exception at PC 0x00007FF9E5FC06BC
Exception at PC 0x00007FF9E5FC06BC
Exception at PC 0x00007FF9E5FC06BC
Exception at PC 0x00007FF9E5FC06BC
Exception at PC 0x00007FF9E5FC06BC
Exception at PC 0x00007FF9E5FC06BC
Exception at PC 0x00007FF9E5FC06BC
Exception at PC 0x00007FF9E5FC06BC
[0]  [0x00007FF94004BB93]
[1]  [0x00007FF94004BB93]
[2]  [0x00007FF94004B4A1]
[3]  [0x00007FF94004B3EF]
[4]  [0x00007FF9400319FE]
[5]  [0x00007FF940030ED1]
[6]  [0x00007FF940030D76]
[7]  [0x00007FF93FFD79F6]
[8]  [0x00007FF93FFC7AFB]
[9]  [0x00007FF9400EE90A]
[10]  [0x00007FF940109F87]
[11]  [0x00007FF94010A05F]
[12] (BaseThreadInitThunk+0x1d) [0x00007FF9E6F726BD]
[13] (RtlUserThreadStart+0x28) [0x00007FF9E870DFB8]
Done
Exception at PC 0x00007FF9E5FC06BC
