INFO: [VRFC 10-2263] Analyzing Verilog file "D:/MATERIALE AN 3 SEM 1/SSC/lab7/mips_multicycle/mips_multicycle.sim/sim_1/synth/timing/contrUnit_time_synth.v" into library xil_defaultlib
INFO: [VRFC 10-311] analyzing module LDCP_UNIQ_BASE_
INFO: [VRFC 10-311] analyzing module LDCP_HD1
INFO: [VRFC 10-311] analyzing module LDCP_HD2
INFO: [VRFC 10-311] analyzing module ALUControl
INFO: [VRFC 10-311] analyzing module Memory
INFO: [VRFC 10-311] analyzing module alu
INFO: [VRFC 10-311] analyzing module controlUnit
INFO: [VRFC 10-311] analyzing module instreg
INFO: [VRFC 10-311] analyzing module multiCycle
INFO: [VRFC 10-311] analyzing module pc
INFO: [VRFC 10-311] analyzing module reg
INFO: [VRFC 10-311] analyzing module reg_0
INFO: [VRFC 10-311] analyzing module reg_1
INFO: [VRFC 10-311] analyzing module reg_2
INFO: [VRFC 10-311] analyzing module regfile
INFO: [VRFC 10-311] analyzing module glbl
INFO: [VRFC 10-163] Analyzing VHDL file "D:/MATERIALE AN 3 SEM 1/SSC/lab7/mips_multicycle/mips_multicycle.srcs/sources_1/new/contrUnit.vhd" into library work
ERROR: [VRFC 10-149] 'procmem_definitions' is not compiled in library work [D:/MATERIALE AN 3 SEM 1/SSC/lab7/mips_multicycle/mips_multicycle.srcs/sources_1/new/contrUnit.vhd:3]
INFO: [VRFC 10-307] analyzing entity contrUnit
ERROR: [VRFC 10-1504] unit contrunit ignored due to previous errors [D:/MATERIALE AN 3 SEM 1/SSC/lab7/mips_multicycle/mips_multicycle.srcs/sources_1/new/contrUnit.vhd:5]
INFO: [VRFC 10-240] VHDL file D:/MATERIALE AN 3 SEM 1/SSC/lab7/mips_multicycle/mips_multicycle.srcs/sources_1/new/contrUnit.vhd ignored due to errors
